<?xml version="1.0" encoding="UTF-8"?>
<testsuite xmlns:xsi="http://www.w3.org/2001/XMLSchema-instance" xsi:noNamespaceSchemaLocation="https://maven.apache.org/surefire/maven-surefire-plugin/xsd/surefire-test-report.xsd" name="com.revature.SpringBootDemoApplicationTests" time="12.008" tests="2" errors="0" skipped="0" failures="0">
  <properties>
[...]
</properties>
  <testcase name="testPostNotAllowed" classname="com.revature.SpringBootDemoApplicationTests" time="0.251"/>
  <testcase name="testHelloWorld" classname="com.revature.SpringBootDemoApplicationTests" time="0.107"/>
</testsuite>